Successfully read in circuit:
	3 PIs.
	6 POs.
	14 Dffs.
	143 total number of gates
	10 levels in the circuit.
vec #0 (total 0 gates/0 PO/0 FF toggled) (0 PO/0 FF toggled)
INPUT: 110
OUTPUT: XXXXXX
PRESENT STATE: XXXXXXXXXXXXXX
vec #1 (total 0 gates/0 PO/0 FF toggled) (0 PO/0 FF toggled)
INPUT: 011
OUTPUT: XXXXXX
PRESENT STATE: 000000XXXXXX00
vec #2 (total 4 gates/0 PO/0 FF toggled) (0 PO/3 FF toggled)
INPUT: 001
OUTPUT: 100001
PRESENT STATE: 10000001100011
vec #3 (total 16 gates/0 PO/2 FF toggled) (0 PO/4 FF toggled)
INPUT: 001
OUTPUT: 100001
PRESENT STATE: 01001001100001
vec #4 (total 32 gates/0 PO/3 FF toggled) (0 PO/3 FF toggled)
INPUT: 010
OUTPUT: 100001
PRESENT STATE: 11000001100011
vec #5 (total 43 gates/0 PO/5 FF toggled) (0 PO/5 FF toggled)
INPUT: 000
OUTPUT: 100001
PRESENT STATE: 00101001100010
vec #6 (total 43 gates/0 PO/5 FF toggled) (0 PO/1 FF toggled)
INPUT: 000
OUTPUT: 100001
PRESENT STATE: 10101001100010
vec #7 (total 43 gates/0 PO/5 FF toggled) (0 PO/2 FF toggled)
INPUT: 001
OUTPUT: 100001
PRESENT STATE: 01101001100010
vec #8 (total 44 gates/0 PO/5 FF toggled) (0 PO/2 FF toggled)
INPUT: 001
OUTPUT: 100001
PRESENT STATE: 11101001100000
vec #9 (total 53 gates/0 PO/6 FF toggled) (0 PO/5 FF toggled)
INPUT: 010
OUTPUT: 100001
PRESENT STATE: 00011001100010
vec #10 (total 54 gates/0 PO/6 FF toggled) (0 PO/2 FF toggled)
INPUT: 000
OUTPUT: 100001
PRESENT STATE: 10011001100011
vec #11 (total 73 gates/0 PO/7 FF toggled) (0 PO/3 FF toggled)
INPUT: 011
OUTPUT: 100001
PRESENT STATE: 00000001100011
vec #12 (total 73 gates/0 PO/7 FF toggled) (0 PO/4 FF toggled)
INPUT: 001
OUTPUT: 100001
PRESENT STATE: 10001001100000
vec #13 (total 83 gates/0 PO/7 FF toggled) (4 PO/7 FF toggled)
INPUT: 010
OUTPUT: 010100
PRESENT STATE: 01001000011010
vec #14 (total 101 gates/4 PO/11 FF toggled) (4 PO/6 FF toggled)
INPUT: 010
OUTPUT: 100001
PRESENT STATE: 11001001100011
vec #15 (total 102 gates/4 PO/11 FF toggled) (0 PO/5 FF toggled)
INPUT: 000
OUTPUT: 100001
PRESENT STATE: 00100001100010
vec #16 (total 102 gates/4 PO/11 FF toggled) (0 PO/1 FF toggled)
INPUT: 001
OUTPUT: 100001
PRESENT STATE: 10100001100010
vec #17 (total 102 gates/4 PO/11 FF toggled) (0 PO/3 FF toggled)
INPUT: 000
OUTPUT: 100001
PRESENT STATE: 01100001100000
vec #18 (total 103 gates/4 PO/11 FF toggled) (2 PO/3 FF toggled)
INPUT: 011
OUTPUT: 100010
PRESENT STATE: 11100000100100
vec #19 (total 105 gates/4 PO/11 FF toggled) (0 PO/6 FF toggled)
INPUT: 011
OUTPUT: 100010
PRESENT STATE: 00010000100111
vec #20 (total 115 gates/5 PO/12 FF toggled) (4 PO/9 FF toggled)
INPUT: 000
OUTPUT: 010100
PRESENT STATE: 10011100011000
vec #21 (total 119 gates/5 PO/12 FF toggled) (2 PO/5 FF toggled)
INPUT: 000
OUTPUT: 000000
PRESENT STATE: 00000100000000
vec #22 (total 119 gates/5 PO/12 FF toggled) (2 PO/3 FF toggled)
INPUT: 000
OUTPUT: 010100
PRESENT STATE: 10000100011000
vec #23 (total 119 gates/5 PO/12 FF toggled) (2 PO/4 FF toggled)
INPUT: 011
OUTPUT: 000000
PRESENT STATE: 01000100000000
vec #24 (total 119 gates/5 PO/12 FF toggled) (2 PO/5 FF toggled)
INPUT: 010
OUTPUT: 010100
PRESENT STATE: 11000100011011
vec #25 (total 119 gates/5 PO/12 FF toggled) (2 PO/7 FF toggled)
INPUT: 011
OUTPUT: 000000
PRESENT STATE: 00101100000010
vec #26 (total 119 gates/5 PO/12 FF toggled) (2 PO/5 FF toggled)
INPUT: 010
OUTPUT: 010100
PRESENT STATE: 10101100011001
vec #27 (total 122 gates/5 PO/12 FF toggled) (2 PO/6 FF toggled)
INPUT: 001
OUTPUT: 000000
PRESENT STATE: 01100100000000
vec #28 (total 122 gates/5 PO/12 FF toggled) (2 PO/4 FF toggled)
INPUT: 011
OUTPUT: 010100
PRESENT STATE: 11100100011010
vec #29 (total 122 gates/5 PO/12 FF toggled) (2 PO/8 FF toggled)
INPUT: 001
OUTPUT: 000000
PRESENT STATE: 00010100000001
vec #30 (total 122 gates/5 PO/12 FF toggled) (2 PO/5 FF toggled)
INPUT: 011
OUTPUT: 010100
PRESENT STATE: 10011100011011
vec #31 (total 122 gates/5 PO/12 FF toggled) (2 PO/7 FF toggled)
INPUT: 000
OUTPUT: 000000
PRESENT STATE: 00000100000000
vec #32 (total 122 gates/5 PO/12 FF toggled) (2 PO/3 FF toggled)
INPUT: 000
OUTPUT: 010100
PRESENT STATE: 10000100011000
vec #33 (total 122 gates/5 PO/12 FF toggled) (2 PO/4 FF toggled)
INPUT: 011
OUTPUT: 000000
PRESENT STATE: 01000100000000
vec #34 (total 122 gates/5 PO/12 FF toggled) (2 PO/5 FF toggled)
INPUT: 011
OUTPUT: 010100
PRESENT STATE: 11000100011011
vec #35 (total 122 gates/5 PO/12 FF toggled) (2 PO/8 FF toggled)
INPUT: 011
OUTPUT: 000000
PRESENT STATE: 00101100000000
vec #36 (total 122 gates/5 PO/12 FF toggled) (2 PO/5 FF toggled)
INPUT: 001
OUTPUT: 010100
PRESENT STATE: 10101100011011
vec #37 (total 122 gates/5 PO/12 FF toggled) (2 PO/6 FF toggled)
INPUT: 010
OUTPUT: 000000
PRESENT STATE: 01100100000001
vec #38 (total 122 gates/5 PO/12 FF toggled) (2 PO/5 FF toggled)
INPUT: 001
OUTPUT: 010100
PRESENT STATE: 11101100011000
vec #39 (total 122 gates/5 PO/12 FF toggled) (2 PO/7 FF toggled)
INPUT: 000
OUTPUT: 000000
PRESENT STATE: 00011100000010
vec #40 (total 122 gates/5 PO/12 FF toggled) (2 PO/3 FF toggled)
INPUT: 000
OUTPUT: 010100
PRESENT STATE: 10011100011010
vec #41 (total 122 gates/5 PO/12 FF toggled) (2 PO/5 FF toggled)
INPUT: 000
OUTPUT: 000000
PRESENT STATE: 00000100000010
vec #42 (total 122 gates/5 PO/12 FF toggled) (2 PO/3 FF toggled)
INPUT: 000
OUTPUT: 010100
PRESENT STATE: 10000100011010
vec #43 (total 122 gates/5 PO/12 FF toggled) (2 PO/4 FF toggled)
INPUT: 011
OUTPUT: 000000
PRESENT STATE: 01000100000010
vec #44 (total 122 gates/5 PO/12 FF toggled) (2 PO/5 FF toggled)
INPUT: 011
OUTPUT: 010100
PRESENT STATE: 11000100011001
vec #45 (total 122 gates/5 PO/12 FF toggled) (2 PO/8 FF toggled)
INPUT: 011
OUTPUT: 000000
PRESENT STATE: 00101100000010
vec #46 (total 122 gates/5 PO/12 FF toggled) (2 PO/5 FF toggled)
INPUT: 001
OUTPUT: 010100
PRESENT STATE: 10101100011001
vec #47 (total 122 gates/5 PO/12 FF toggled) (2 PO/6 FF toggled)
INPUT: 010
OUTPUT: 000000
PRESENT STATE: 01100100000011
vec #48 (total 122 gates/5 PO/12 FF toggled) (2 PO/5 FF toggled)
INPUT: 001
OUTPUT: 010100
PRESENT STATE: 11101100011010
vec #49 (total 122 gates/5 PO/12 FF toggled) (2 PO/7 FF toggled)
INPUT: 000
OUTPUT: 000000
PRESENT STATE: 00011100000000
vec #50 (total 122 gates/5 PO/12 FF toggled) (2 PO/3 FF toggled)
INPUT: 000
OUTPUT: 010100
PRESENT STATE: 10011100011000
vec #51 (total 122 gates/5 PO/12 FF toggled) (2 PO/5 FF toggled)
INPUT: 000
OUTPUT: 000000
PRESENT STATE: 00000100000000
vec #52 (total 122 gates/5 PO/12 FF toggled) (2 PO/3 FF toggled)
INPUT: 011
OUTPUT: 010100
PRESENT STATE: 10000100011000
vec #53 (total 122 gates/5 PO/12 FF toggled) (2 PO/6 FF toggled)
INPUT: 011
OUTPUT: 000000
PRESENT STATE: 01000100000011
vec #54 (total 122 gates/5 PO/12 FF toggled) (2 PO/6 FF toggled)
INPUT: 011
OUTPUT: 010100
PRESENT STATE: 11001100011000
vec #55 (total 122 gates/5 PO/12 FF toggled) (2 PO/7 FF toggled)
INPUT: 001
OUTPUT: 000000
PRESENT STATE: 00101100000011
vec #56 (total 122 gates/5 PO/12 FF toggled) (2 PO/5 FF toggled)
INPUT: 010
OUTPUT: 010100
PRESENT STATE: 10100100011001
vec #57 (total 122 gates/5 PO/12 FF toggled) (2 PO/6 FF toggled)
INPUT: 001
OUTPUT: 000000
PRESENT STATE: 01101100000000
vec #58 (total 122 gates/5 PO/12 FF toggled) (2 PO/4 FF toggled)
INPUT: 001
OUTPUT: 010100
PRESENT STATE: 11101100011010
vec #59 (total 122 gates/5 PO/12 FF toggled) (2 PO/7 FF toggled)
INPUT: 000
OUTPUT: 000000
PRESENT STATE: 00011100000000
vec #60 (total 127 gates/5 PO/12 FF toggled) (2 PO/3 FF toggled)
INPUT: 100
OUTPUT: 010100
PRESENT STATE: 10011100011000
vec #61 (total 133 gates/5 PO/13 FF toggled) (2 PO/6 FF toggled)
INPUT: 000
OUTPUT: 000000
PRESENT STATE: 00000000000000
vec #62 (total 133 gates/5 PO/13 FF toggled) (2 PO/3 FF toggled)
INPUT: 000
OUTPUT: 100001
PRESENT STATE: 10000001100000
vec #63 (total 133 gates/5 PO/13 FF toggled) (0 PO/2 FF toggled)
INPUT: 000
OUTPUT: 100001
PRESENT STATE: 01000001100000
vec #64 (total 133 gates/5 PO/13 FF toggled) (0 PO/1 FF toggled)
INPUT: 000
OUTPUT: 100001
PRESENT STATE: 11000001100000
vec #65 (total 133 gates/5 PO/13 FF toggled) (0 PO/3 FF toggled)
INPUT: 001
OUTPUT: 100001
PRESENT STATE: 00100001100000
vec #66 (total 133 gates/5 PO/13 FF toggled) (0 PO/2 FF toggled)
INPUT: 000
OUTPUT: 100001
PRESENT STATE: 10100001100010
vec #67 (total 133 gates/5 PO/13 FF toggled) (0 PO/2 FF toggled)
INPUT: 001
OUTPUT: 100001
PRESENT STATE: 01100001100010
vec #68 (total 133 gates/5 PO/13 FF toggled) (2 PO/4 FF toggled)
INPUT: 001
OUTPUT: 100010
PRESENT STATE: 11100000100100
vec #69 (total 133 gates/5 PO/13 FF toggled) (0 PO/5 FF toggled)
INPUT: 011
OUTPUT: 100010
PRESENT STATE: 00010000100110
vec #70 (total 133 gates/5 PO/13 FF toggled) (4 PO/8 FF toggled)
INPUT: 101
OUTPUT: 010100
PRESENT STATE: 10010100011001
vec #71 (total 133 gates/5 PO/13 FF toggled) (2 PO/6 FF toggled)
INPUT: 011
OUTPUT: 000000
PRESENT STATE: 00000000000000
vec #72 (total 133 gates/5 PO/13 FF toggled) (2 PO/5 FF toggled)
INPUT: 011
OUTPUT: 100001
PRESENT STATE: 10000001100011
vec #73 (total 133 gates/5 PO/13 FF toggled) (0 PO/5 FF toggled)
INPUT: 110
OUTPUT: 100001
PRESENT STATE: 01001001100000
vec #74 (total 133 gates/5 PO/13 FF toggled) (0 PO/2 FF toggled)
INPUT: 010
OUTPUT: 100001
PRESENT STATE: 00000001100000
vec #75 (total 133 gates/5 PO/13 FF toggled) (0 PO/2 FF toggled)
INPUT: 011
OUTPUT: 100001
PRESENT STATE: 10000001100001
vec #76 (total 133 gates/5 PO/13 FF toggled) (0 PO/5 FF toggled)
INPUT: 011
OUTPUT: 100001
PRESENT STATE: 01001001100010
vec #77 (total 133 gates/5 PO/13 FF toggled) (0 PO/3 FF toggled)
INPUT: 001
OUTPUT: 100001
PRESENT STATE: 11001001100001
vec #78 (total 133 gates/5 PO/13 FF toggled) (0 PO/5 FF toggled)
INPUT: 010
OUTPUT: 100001
PRESENT STATE: 00100001100011
vec #79 (total 133 gates/5 PO/13 FF toggled) (0 PO/3 FF toggled)
INPUT: 010
OUTPUT: 100001
PRESENT STATE: 10101001100010
vec #80 (total 133 gates/5 PO/13 FF toggled) (0 PO/3 FF toggled)
INPUT: 010
OUTPUT: 100001
PRESENT STATE: 01101001100011
vec #81 (total 133 gates/5 PO/13 FF toggled) (0 PO/3 FF toggled)
INPUT: 010
OUTPUT: 100001
PRESENT STATE: 11100001100010
vec #82 (total 133 gates/5 PO/13 FF toggled) (2 PO/7 FF toggled)
INPUT: 011
OUTPUT: 100010
PRESENT STATE: 00010000100111
vec #83 (total 133 gates/5 PO/13 FF toggled) (4 PO/9 FF toggled)
INPUT: 010
OUTPUT: 010100
PRESENT STATE: 10011100011000
vec #84 (total 133 gates/5 PO/13 FF toggled) (2 PO/6 FF toggled)
INPUT: 010
OUTPUT: 000000
PRESENT STATE: 00000100000001
vec #85 (total 133 gates/5 PO/13 FF toggled) (2 PO/5 FF toggled)
INPUT: 010
OUTPUT: 010100
PRESENT STATE: 10001100011000
vec #86 (total 133 gates/5 PO/13 FF toggled) (2 PO/5 FF toggled)
INPUT: 010
OUTPUT: 000000
PRESENT STATE: 01001100000001
vec #87 (total 133 gates/5 PO/13 FF toggled) (2 PO/5 FF toggled)
INPUT: 001
OUTPUT: 010100
PRESENT STATE: 11000100011000
vec #88 (total 133 gates/5 PO/13 FF toggled) (2 PO/6 FF toggled)
INPUT: 010
OUTPUT: 000000
PRESENT STATE: 00100100000010
vec #89 (total 133 gates/5 PO/13 FF toggled) (2 PO/4 FF toggled)
INPUT: 001
OUTPUT: 010100
PRESENT STATE: 10100100011011
vec #90 (total 133 gates/5 PO/13 FF toggled) (2 PO/6 FF toggled)
INPUT: 011
OUTPUT: 000000
PRESENT STATE: 01101100000001
vec #91 (total 133 gates/5 PO/13 FF toggled) (2 PO/6 FF toggled)
INPUT: 100
OUTPUT: 010100
PRESENT STATE: 11100100011010
vec #92 (total 133 gates/5 PO/13 FF toggled) (2 PO/7 FF toggled)
INPUT: 000
OUTPUT: 000000
PRESENT STATE: 00000000000000
vec #93 (total 133 gates/5 PO/13 FF toggled) (2 PO/3 FF toggled)
INPUT: 010
OUTPUT: 100001
PRESENT STATE: 10000001100000
vec #94 (total 133 gates/5 PO/13 FF toggled) (0 PO/3 FF toggled)
INPUT: 010
OUTPUT: 100001
PRESENT STATE: 01000001100001
vec #95 (total 133 gates/5 PO/13 FF toggled) (0 PO/3 FF toggled)
INPUT: 100
OUTPUT: 100001
PRESENT STATE: 11001001100000
vec #96 (total 133 gates/5 PO/13 FF toggled) (0 PO/3 FF toggled)
INPUT: 000
OUTPUT: 100001
PRESENT STATE: 00000001100000
vec #97 (total 133 gates/5 PO/13 FF toggled) (0 PO/1 FF toggled)
INPUT: 010
OUTPUT: 100001
PRESENT STATE: 10000001100000
vec #98 (total 133 gates/5 PO/13 FF toggled) (0 PO/3 FF toggled)
INPUT: 001
OUTPUT: 100001
PRESENT STATE: 01000001100001
vec #99 (total 133 gates/5 PO/13 FF toggled) (0 PO/3 FF toggled)
INPUT: 001
OUTPUT: 100001
PRESENT STATE: 11001001100011
vec #100 (total 133 gates/5 PO/13 FF toggled) (0 PO/5 FF toggled)
INPUT: 000
OUTPUT: 100001
PRESENT STATE: 00100001100001
vec #101 (total 133 gates/5 PO/13 FF toggled) (0 PO/2 FF toggled)
INPUT: 011
OUTPUT: 100001
PRESENT STATE: 10101001100001
vec #102 (total 133 gates/5 PO/13 FF toggled) (0 PO/5 FF toggled)
INPUT: 001
OUTPUT: 100001
PRESENT STATE: 01100001100010
vec #103 (total 133 gates/5 PO/13 FF toggled) (2 PO/4 FF toggled)
INPUT: 010
OUTPUT: 100010
PRESENT STATE: 11100000100100
vec #104 (total 133 gates/5 PO/13 FF toggled) (0 PO/5 FF toggled)
INPUT: 000
OUTPUT: 100010
PRESENT STATE: 00010000100101
vec #105 (total 133 gates/5 PO/13 FF toggled) (4 PO/6 FF toggled)
INPUT: 010
OUTPUT: 001100
PRESENT STATE: 10011010010001
vec #106 (total 134 gates/5 PO/13 FF toggled) (0 PO/4 FF toggled)
INPUT: 001
OUTPUT: 001100
PRESENT STATE: 00000010010000
vec #107 (total 139 gates/6 PO/14 FF toggled) (4 PO/6 FF toggled)
INPUT: 001
OUTPUT: 100001
PRESENT STATE: 10000001100010
vec #108 (total 139 gates/6 PO/14 FF toggled) (0 PO/3 FF toggled)
INPUT: 000
OUTPUT: 100001
PRESENT STATE: 01000001100000
vec #109 (total 139 gates/6 PO/14 FF toggled) (0 PO/1 FF toggled)
INPUT: 011
OUTPUT: 100001
PRESENT STATE: 11000001100000
vec #110 (total 139 gates/6 PO/14 FF toggled) (0 PO/5 FF toggled)
INPUT: 000
OUTPUT: 100001
PRESENT STATE: 00100001100011
vec #111 (total 139 gates/6 PO/14 FF toggled) (0 PO/2 FF toggled)
INPUT: 010
OUTPUT: 100001
PRESENT STATE: 10101001100011
vec #112 (total 139 gates/6 PO/14 FF toggled) (0 PO/4 FF toggled)
INPUT: 010
OUTPUT: 100001
PRESENT STATE: 01100001100010
vec #113 (total 139 gates/6 PO/14 FF toggled) (2 PO/4 FF toggled)
INPUT: 011
OUTPUT: 100010
PRESENT STATE: 11100000100111
vec #114 (total 139 gates/6 PO/14 FF toggled) (0 PO/7 FF toggled)
INPUT: 001
OUTPUT: 100010
PRESENT STATE: 00011000100100
vec #115 (total 139 gates/6 PO/14 FF toggled) (0 PO/2 FF toggled)
INPUT: 001
OUTPUT: 100010
PRESENT STATE: 10011000100110
vec #116 (total 139 gates/6 PO/14 FF toggled) (0 PO/4 FF toggled)
INPUT: 011
OUTPUT: 100010
PRESENT STATE: 00000000100100
vec #117 (total 139 gates/6 PO/14 FF toggled) (2 PO/5 FF toggled)
INPUT: 010
OUTPUT: 100001
PRESENT STATE: 10000001100011
vec #118 (total 139 gates/6 PO/14 FF toggled) (0 PO/4 FF toggled)
INPUT: 010
OUTPUT: 100001
PRESENT STATE: 01001001100010
vec #119 (total 139 gates/6 PO/14 FF toggled) (0 PO/2 FF toggled)
INPUT: 011
OUTPUT: 100001
PRESENT STATE: 11001001100011
vec #120 (total 139 gates/6 PO/14 FF toggled) (0 PO/6 FF toggled)
INPUT: 001
OUTPUT: 100001
PRESENT STATE: 00100001100000
vec #121 (total 139 gates/6 PO/14 FF toggled) (0 PO/2 FF toggled)
INPUT: 011
OUTPUT: 100001
PRESENT STATE: 10100001100010
vec #122 (total 139 gates/6 PO/14 FF toggled) (0 PO/4 FF toggled)
INPUT: 010
OUTPUT: 100001
PRESENT STATE: 01100001100001
vec #123 (total 139 gates/6 PO/14 FF toggled) (2 PO/5 FF toggled)
INPUT: 001
OUTPUT: 100010
PRESENT STATE: 11101000100100
vec #124 (total 139 gates/6 PO/14 FF toggled) (0 PO/5 FF toggled)
INPUT: 001
OUTPUT: 100010
PRESENT STATE: 00011000100110
vec #125 (total 139 gates/6 PO/14 FF toggled) (0 PO/2 FF toggled)
INPUT: 011
OUTPUT: 100010
PRESENT STATE: 10011000100100
vec #126 (total 139 gates/6 PO/14 FF toggled) (0 PO/5 FF toggled)
INPUT: 010
OUTPUT: 100010
PRESENT STATE: 00000000100111
vec #127 (total 139 gates/6 PO/14 FF toggled) (2 PO/5 FF toggled)
INPUT: 010
OUTPUT: 100001
PRESENT STATE: 10001001100010
vec #128 (total 139 gates/6 PO/14 FF toggled) (4 PO/7 FF toggled)
INPUT: 010
OUTPUT: 010100
PRESENT STATE: 01001000011011
vec #129 (total 139 gates/6 PO/14 FF toggled) (4 PO/7 FF toggled)
INPUT: 010
OUTPUT: 100001
PRESENT STATE: 11000001100010
vec #130 (total 139 gates/6 PO/14 FF toggled) (0 PO/4 FF toggled)
INPUT: 001
OUTPUT: 100001
PRESENT STATE: 00100001100011
vec #131 (total 139 gates/6 PO/14 FF toggled) (0 PO/3 FF toggled)
INPUT: 010
OUTPUT: 100001
PRESENT STATE: 10101001100001
vec #132 (total 139 gates/6 PO/14 FF toggled) (0 PO/4 FF toggled)
INPUT: 001
OUTPUT: 100001
PRESENT STATE: 01100001100000
vec #133 (total 139 gates/6 PO/14 FF toggled) (2 PO/4 FF toggled)
INPUT: 110
OUTPUT: 100010
PRESENT STATE: 11100000100110
vec #134 (total 139 gates/6 PO/14 FF toggled) (0 PO/4 FF toggled)
INPUT: 010
OUTPUT: 100010
PRESENT STATE: 00000000100100
vec #135 (total 139 gates/6 PO/14 FF toggled) (2 PO/4 FF toggled)
INPUT: 011
OUTPUT: 100001
PRESENT STATE: 10000001100001
vec #136 (total 139 gates/6 PO/14 FF toggled) (0 PO/5 FF toggled)
INPUT: 001
OUTPUT: 100001
PRESENT STATE: 01001001100010
vec #137 (total 139 gates/6 PO/14 FF toggled) (0 PO/2 FF toggled)
INPUT: 010
OUTPUT: 100001
PRESENT STATE: 11001001100000
vec #138 (total 139 gates/6 PO/14 FF toggled) (0 PO/4 FF toggled)
INPUT: 010
OUTPUT: 100001
PRESENT STATE: 00101001100001
vec #139 (total 139 gates/6 PO/14 FF toggled) (0 PO/3 FF toggled)
INPUT: 011
OUTPUT: 100001
PRESENT STATE: 10100001100000
vec #140 (total 139 gates/6 PO/14 FF toggled) (0 PO/4 FF toggled)
INPUT: 011
OUTPUT: 100001
PRESENT STATE: 01100001100011
vec #141 (total 139 gates/6 PO/14 FF toggled) (2 PO/6 FF toggled)
INPUT: 001
OUTPUT: 100010
PRESENT STATE: 11101000100100
vec #142 (total 139 gates/6 PO/14 FF toggled) (0 PO/5 FF toggled)
INPUT: 011
OUTPUT: 100010
PRESENT STATE: 00011000100110
vec #143 (total 139 gates/6 PO/14 FF toggled) (0 PO/3 FF toggled)
INPUT: 010
OUTPUT: 100010
PRESENT STATE: 10011000100101
vec #144 (total 139 gates/6 PO/14 FF toggled) (0 PO/4 FF toggled)
INPUT: 100
OUTPUT: 100010
PRESENT STATE: 00000000100100
vec #145 (total 139 gates/6 PO/14 FF toggled) (2 PO/2 FF toggled)
INPUT: 111
OUTPUT: 100001
PRESENT STATE: 00000001100000
vec #146 (total 139 gates/6 PO/14 FF toggled) (0 PO/0 FF toggled)
INPUT: 100
OUTPUT: 100001
PRESENT STATE: 00000001100000
vec #147 (total 139 gates/6 PO/14 FF toggled) (0 PO/0 FF toggled)
INPUT: 000
OUTPUT: 100001
PRESENT STATE: 00000001100000
vec #148 (total 139 gates/6 PO/14 FF toggled) (0 PO/1 FF toggled)
INPUT: 111
OUTPUT: 100001
PRESENT STATE: 10000001100000
vec #149 (total 139 gates/6 PO/14 FF toggled) (0 PO/1 FF toggled)
INPUT: 000
OUTPUT: 100001
PRESENT STATE: 00000001100000
vec #150 (total 139 gates/6 PO/14 FF toggled) (0 PO/1 FF toggled)
INPUT: 011
OUTPUT: 100001
PRESENT STATE: 10000001100000
vec #151 (total 139 gates/6 PO/14 FF toggled) (0 PO/4 FF toggled)
INPUT: 010
OUTPUT: 100001
PRESENT STATE: 01000001100011
vec #152 (total 139 gates/6 PO/14 FF toggled) (0 PO/3 FF toggled)
INPUT: 011
OUTPUT: 100001
PRESENT STATE: 11001001100010
vec #153 (total 139 gates/6 PO/14 FF toggled) (0 PO/5 FF toggled)
INPUT: 001
OUTPUT: 100001
PRESENT STATE: 00101001100001
vec #154 (total 139 gates/6 PO/14 FF toggled) (0 PO/3 FF toggled)
INPUT: 001
OUTPUT: 100001
PRESENT STATE: 10100001100011
vec #155 (total 139 gates/6 PO/14 FF toggled) (0 PO/4 FF toggled)
INPUT: 011
OUTPUT: 100001
PRESENT STATE: 01101001100001
vec #156 (total 139 gates/6 PO/14 FF toggled) (0 PO/4 FF toggled)
INPUT: 010
OUTPUT: 100001
PRESENT STATE: 11100001100010
vec #157 (total 139 gates/6 PO/14 FF toggled) (2 PO/7 FF toggled)
INPUT: 001
OUTPUT: 100010
PRESENT STATE: 00010000100111
vec #158 (total 139 gates/6 PO/14 FF toggled) (4 PO/8 FF toggled)
INPUT: 110
OUTPUT: 010100
PRESENT STATE: 10011100011001
vec #159 (total 139 gates/6 PO/14 FF toggled) (2 PO/7 FF toggled)
INPUT: 101
OUTPUT: 000000
PRESENT STATE: 00000000000000
vec #160 (total 139 gates/6 PO/14 FF toggled) (2 PO/2 FF toggled)
INPUT: 000
OUTPUT: 100001
PRESENT STATE: 00000001100000
vec #161 (total 139 gates/6 PO/14 FF toggled) (0 PO/1 FF toggled)
INPUT: 011
OUTPUT: 100001
PRESENT STATE: 10000001100000
vec #162 (total 139 gates/6 PO/14 FF toggled) (0 PO/4 FF toggled)
INPUT: 000
OUTPUT: 100001
PRESENT STATE: 01000001100011
vec #163 (total 139 gates/6 PO/14 FF toggled) (0 PO/2 FF toggled)
INPUT: 000
OUTPUT: 100001
PRESENT STATE: 11001001100011
vec #164 (total 139 gates/6 PO/14 FF toggled) (0 PO/4 FF toggled)
INPUT: 010
OUTPUT: 100001
PRESENT STATE: 00100001100011
vec #165 (total 139 gates/6 PO/14 FF toggled) (0 PO/3 FF toggled)
INPUT: 010
OUTPUT: 100001
PRESENT STATE: 10101001100010
vec #166 (total 139 gates/6 PO/14 FF toggled) (0 PO/3 FF toggled)
INPUT: 000
OUTPUT: 100001
PRESENT STATE: 01101001100011
vec #167 (total 139 gates/6 PO/14 FF toggled) (0 PO/2 FF toggled)
INPUT: 001
OUTPUT: 100001
PRESENT STATE: 11100001100011
vec #168 (total 139 gates/6 PO/14 FF toggled) (2 PO/8 FF toggled)
INPUT: 010
OUTPUT: 100010
PRESENT STATE: 00011000100101
vec #169 (total 139 gates/6 PO/14 FF toggled) (0 PO/3 FF toggled)
INPUT: 000
OUTPUT: 100010
PRESENT STATE: 10010000100100
vec #170 (total 139 gates/6 PO/14 FF toggled) (4 PO/7 FF toggled)
INPUT: 010
OUTPUT: 001100
PRESENT STATE: 00001010010000
vec #171 (total 139 gates/6 PO/14 FF toggled) (2 PO/4 FF toggled)
INPUT: 101
OUTPUT: 010100
PRESENT STATE: 10001000011001
vec #172 (total 139 gates/6 PO/14 FF toggled) (0 PO/3 FF toggled)
INPUT: 010
OUTPUT: 010100
PRESENT STATE: 00000000011000
vec #173 (total 139 gates/6 PO/14 FF toggled) (4 PO/6 FF toggled)
INPUT: 001
OUTPUT: 100001
PRESENT STATE: 10000001100001
vec #174 (total 139 gates/6 PO/14 FF toggled) (0 PO/4 FF toggled)
INPUT: 001
OUTPUT: 100001
PRESENT STATE: 01001001100011
vec #175 (total 139 gates/6 PO/14 FF toggled) (0 PO/3 FF toggled)
INPUT: 010
OUTPUT: 100001
PRESENT STATE: 11000001100001
vec #176 (total 139 gates/6 PO/14 FF toggled) (0 PO/5 FF toggled)
INPUT: 011
OUTPUT: 100001
PRESENT STATE: 00101001100000
vec #177 (total 139 gates/6 PO/14 FF toggled) (0 PO/3 FF toggled)
INPUT: 000
OUTPUT: 100001
PRESENT STATE: 10101001100011
vec #178 (total 139 gates/6 PO/14 FF toggled) (0 PO/3 FF toggled)
INPUT: 000
OUTPUT: 100001
PRESENT STATE: 01100001100011
vec #179 (total 139 gates/6 PO/14 FF toggled) (2 PO/4 FF toggled)
INPUT: 011
OUTPUT: 100010
PRESENT STATE: 11101000100111
vec #180 (total 139 gates/6 PO/14 FF toggled) (0 PO/7 FF toggled)
INPUT: 011
OUTPUT: 100010
PRESENT STATE: 00010000100100
vec #181 (total 139 gates/6 PO/14 FF toggled) (4 PO/7 FF toggled)
INPUT: 011
OUTPUT: 001100
PRESENT STATE: 10010010010011
vec #182 (total 139 gates/6 PO/14 FF toggled) (2 PO/8 FF toggled)
INPUT: 010
OUTPUT: 000000
PRESENT STATE: 00001100000000
vec #183 (total 139 gates/6 PO/14 FF toggled) (2 PO/4 FF toggled)
INPUT: 110
OUTPUT: 010100
PRESENT STATE: 10001100011001
vec #184 (total 139 gates/6 PO/14 FF toggled) (2 PO/6 FF toggled)
INPUT: 000
OUTPUT: 000000
PRESENT STATE: 00000000000000
vec #185 (total 139 gates/6 PO/14 FF toggled) (2 PO/3 FF toggled)
INPUT: 000
OUTPUT: 100001
PRESENT STATE: 10000001100000
vec #186 (total 139 gates/6 PO/14 FF toggled) (0 PO/2 FF toggled)
INPUT: 010
OUTPUT: 100001
PRESENT STATE: 01000001100000
vec #187 (total 139 gates/6 PO/14 FF toggled) (0 PO/2 FF toggled)
INPUT: 000
OUTPUT: 100001
PRESENT STATE: 11000001100001
vec #188 (total 139 gates/6 PO/14 FF toggled) (0 PO/4 FF toggled)
INPUT: 000
OUTPUT: 100001
PRESENT STATE: 00101001100001
vec #189 (total 139 gates/6 PO/14 FF toggled) (0 PO/2 FF toggled)
INPUT: 011
OUTPUT: 100001
PRESENT STATE: 10100001100001
vec #190 (total 139 gates/6 PO/14 FF toggled) (0 PO/5 FF toggled)
INPUT: 010
OUTPUT: 100001
PRESENT STATE: 01101001100010
vec #191 (total 139 gates/6 PO/14 FF toggled) (0 PO/2 FF toggled)
INPUT: 001
OUTPUT: 100001
PRESENT STATE: 11101001100011
vec #192 (total 139 gates/6 PO/14 FF toggled) (0 PO/6 FF toggled)
INPUT: 001
OUTPUT: 100001
PRESENT STATE: 00010001100001
vec #193 (total 139 gates/6 PO/14 FF toggled) (4 PO/7 FF toggled)
INPUT: 100
OUTPUT: 001100
PRESENT STATE: 10011010010011
FINAL Next State: 00000010010000
