Successfully read in circuit:
	3 PIs.
	6 POs.
	14 Dffs.
	143 total number of gates
	10 levels in the circuit.
vec #0
INPUT: 110
OUTPUT: XXXXXX
PRESENT STATE: XXXXXXXXXXXXXX
vec #1
INPUT: 011
OUTPUT: XXXXXX
PRESENT STATE: 000000XXXXXX00
vec #2
INPUT: 001
OUTPUT: 100001
PRESENT STATE: 10000001100011
vec #3
INPUT: 001
OUTPUT: 100001
PRESENT STATE: 01001001100001
vec #4
INPUT: 010
OUTPUT: 100001
PRESENT STATE: 11000001100011
vec #5
INPUT: 000
OUTPUT: 100001
PRESENT STATE: 00101001100010
vec #6
INPUT: 000
OUTPUT: 100001
PRESENT STATE: 10101001100010
vec #7
INPUT: 001
OUTPUT: 100001
PRESENT STATE: 01101001100010
vec #8
INPUT: 001
OUTPUT: 100001
PRESENT STATE: 11101001100000
vec #9
INPUT: 010
OUTPUT: 100001
PRESENT STATE: 00011001100010
vec #10
INPUT: 000
OUTPUT: 100001
PRESENT STATE: 10011001100011
vec #11
INPUT: 011
OUTPUT: 100001
PRESENT STATE: 00000001100011
vec #12
INPUT: 001
OUTPUT: 100001
PRESENT STATE: 10001001100000
vec #13
INPUT: 010
OUTPUT: 010100
PRESENT STATE: 01001000011010
vec #14
INPUT: 010
OUTPUT: 100001
PRESENT STATE: 11001001100011
vec #15
INPUT: 000
OUTPUT: 100001
PRESENT STATE: 00100001100010
vec #16
INPUT: 001
OUTPUT: 100001
PRESENT STATE: 10100001100010
vec #17
INPUT: 000
OUTPUT: 100001
PRESENT STATE: 01100001100000
vec #18
INPUT: 011
OUTPUT: 100010
PRESENT STATE: 11100000100100
vec #19
INPUT: 011
OUTPUT: 100010
PRESENT STATE: 00010000100111
vec #20
INPUT: 000
OUTPUT: 010100
PRESENT STATE: 10011100011000
vec #21
INPUT: 000
OUTPUT: 000000
PRESENT STATE: 00000100000000
vec #22
INPUT: 000
OUTPUT: 010100
PRESENT STATE: 10000100011000
vec #23
INPUT: 011
OUTPUT: 000000
PRESENT STATE: 01000100000000
vec #24
INPUT: 010
OUTPUT: 010100
PRESENT STATE: 11000100011011
vec #25
INPUT: 011
OUTPUT: 000000
PRESENT STATE: 00101100000010
vec #26
INPUT: 010
OUTPUT: 010100
PRESENT STATE: 10101100011001
vec #27
INPUT: 001
OUTPUT: 000000
PRESENT STATE: 01100100000000
vec #28
INPUT: 011
OUTPUT: 010100
PRESENT STATE: 11100100011010
vec #29
INPUT: 001
OUTPUT: 000000
PRESENT STATE: 00010100000001
vec #30
INPUT: 011
OUTPUT: 010100
PRESENT STATE: 10011100011011
vec #31
INPUT: 000
OUTPUT: 000000
PRESENT STATE: 00000100000000
vec #32
INPUT: 000
OUTPUT: 010100
PRESENT STATE: 10000100011000
vec #33
INPUT: 011
OUTPUT: 000000
PRESENT STATE: 01000100000000
vec #34
INPUT: 011
OUTPUT: 010100
PRESENT STATE: 11000100011011
vec #35
INPUT: 011
OUTPUT: 000000
PRESENT STATE: 00101100000000
vec #36
INPUT: 001
OUTPUT: 010100
PRESENT STATE: 10101100011011
vec #37
INPUT: 010
OUTPUT: 000000
PRESENT STATE: 01100100000001
vec #38
INPUT: 001
OUTPUT: 010100
PRESENT STATE: 11101100011000
vec #39
INPUT: 000
OUTPUT: 000000
PRESENT STATE: 00011100000010
vec #40
INPUT: 000
OUTPUT: 010100
PRESENT STATE: 10011100011010
vec #41
INPUT: 000
OUTPUT: 000000
PRESENT STATE: 00000100000010
vec #42
INPUT: 000
OUTPUT: 010100
PRESENT STATE: 10000100011010
vec #43
INPUT: 011
OUTPUT: 000000
PRESENT STATE: 01000100000010
vec #44
INPUT: 011
OUTPUT: 010100
PRESENT STATE: 11000100011001
vec #45
INPUT: 011
OUTPUT: 000000
PRESENT STATE: 00101100000010
vec #46
INPUT: 001
OUTPUT: 010100
PRESENT STATE: 10101100011001
vec #47
INPUT: 010
OUTPUT: 000000
PRESENT STATE: 01100100000011
vec #48
INPUT: 001
OUTPUT: 010100
PRESENT STATE: 11101100011010
vec #49
INPUT: 000
OUTPUT: 000000
PRESENT STATE: 00011100000000
vec #50
INPUT: 000
OUTPUT: 010100
PRESENT STATE: 10011100011000
vec #51
INPUT: 000
OUTPUT: 000000
PRESENT STATE: 00000100000000
vec #52
INPUT: 011
OUTPUT: 010100
PRESENT STATE: 10000100011000
vec #53
INPUT: 011
OUTPUT: 000000
PRESENT STATE: 01000100000011
vec #54
INPUT: 011
OUTPUT: 010100
PRESENT STATE: 11001100011000
vec #55
INPUT: 001
OUTPUT: 000000
PRESENT STATE: 00101100000011
vec #56
INPUT: 010
OUTPUT: 010100
PRESENT STATE: 10100100011001
vec #57
INPUT: 001
OUTPUT: 000000
PRESENT STATE: 01101100000000
vec #58
INPUT: 001
OUTPUT: 010100
PRESENT STATE: 11101100011010
vec #59
INPUT: 000
OUTPUT: 000000
PRESENT STATE: 00011100000000
vec #60
INPUT: 100
OUTPUT: 010100
PRESENT STATE: 10011100011000
vec #61
INPUT: 000
OUTPUT: 000000
PRESENT STATE: 00000000000000
vec #62
INPUT: 000
OUTPUT: 100001
PRESENT STATE: 10000001100000
vec #63
INPUT: 000
OUTPUT: 100001
PRESENT STATE: 01000001100000
vec #64
INPUT: 000
OUTPUT: 100001
PRESENT STATE: 11000001100000
vec #65
INPUT: 001
OUTPUT: 100001
PRESENT STATE: 00100001100000
vec #66
INPUT: 000
OUTPUT: 100001
PRESENT STATE: 10100001100010
vec #67
INPUT: 001
OUTPUT: 100001
PRESENT STATE: 01100001100010
vec #68
INPUT: 001
OUTPUT: 100010
PRESENT STATE: 11100000100100
vec #69
INPUT: 011
OUTPUT: 100010
PRESENT STATE: 00010000100110
vec #70
INPUT: 101
OUTPUT: 010100
PRESENT STATE: 10010100011001
vec #71
INPUT: 011
OUTPUT: 000000
PRESENT STATE: 00000000000000
vec #72
INPUT: 011
OUTPUT: 100001
PRESENT STATE: 10000001100011
vec #73
INPUT: 110
OUTPUT: 100001
PRESENT STATE: 01001001100000
vec #74
INPUT: 010
OUTPUT: 100001
PRESENT STATE: 00000001100000
vec #75
INPUT: 011
OUTPUT: 100001
PRESENT STATE: 10000001100001
vec #76
INPUT: 011
OUTPUT: 100001
PRESENT STATE: 01001001100010
vec #77
INPUT: 001
OUTPUT: 100001
PRESENT STATE: 11001001100001
vec #78
INPUT: 010
OUTPUT: 100001
PRESENT STATE: 00100001100011
vec #79
INPUT: 010
OUTPUT: 100001
PRESENT STATE: 10101001100010
vec #80
INPUT: 010
OUTPUT: 100001
PRESENT STATE: 01101001100011
vec #81
INPUT: 010
OUTPUT: 100001
PRESENT STATE: 11100001100010
vec #82
INPUT: 011
OUTPUT: 100010
PRESENT STATE: 00010000100111
vec #83
INPUT: 010
OUTPUT: 010100
PRESENT STATE: 10011100011000
vec #84
INPUT: 010
OUTPUT: 000000
PRESENT STATE: 00000100000001
vec #85
INPUT: 010
OUTPUT: 010100
PRESENT STATE: 10001100011000
vec #86
INPUT: 010
OUTPUT: 000000
PRESENT STATE: 01001100000001
vec #87
INPUT: 001
OUTPUT: 010100
PRESENT STATE: 11000100011000
vec #88
INPUT: 010
OUTPUT: 000000
PRESENT STATE: 00100100000010
vec #89
INPUT: 001
OUTPUT: 010100
PRESENT STATE: 10100100011011
vec #90
INPUT: 011
OUTPUT: 000000
PRESENT STATE: 01101100000001
vec #91
INPUT: 100
OUTPUT: 010100
PRESENT STATE: 11100100011010
vec #92
INPUT: 000
OUTPUT: 000000
PRESENT STATE: 00000000000000
vec #93
INPUT: 010
OUTPUT: 100001
PRESENT STATE: 10000001100000
vec #94
INPUT: 010
OUTPUT: 100001
PRESENT STATE: 01000001100001
vec #95
INPUT: 100
OUTPUT: 100001
PRESENT STATE: 11001001100000
vec #96
INPUT: 000
OUTPUT: 100001
PRESENT STATE: 00000001100000
vec #97
INPUT: 010
OUTPUT: 100001
PRESENT STATE: 10000001100000
vec #98
INPUT: 001
OUTPUT: 100001
PRESENT STATE: 01000001100001
vec #99
INPUT: 001
OUTPUT: 100001
PRESENT STATE: 11001001100011
vec #100
INPUT: 000
OUTPUT: 100001
PRESENT STATE: 00100001100001
vec #101
INPUT: 011
OUTPUT: 100001
PRESENT STATE: 10101001100001
vec #102
INPUT: 001
OUTPUT: 100001
PRESENT STATE: 01100001100010
vec #103
INPUT: 010
OUTPUT: 100010
PRESENT STATE: 11100000100100
vec #104
INPUT: 000
OUTPUT: 100010
PRESENT STATE: 00010000100101
vec #105
INPUT: 010
OUTPUT: 001100
PRESENT STATE: 10011010010001
vec #106
INPUT: 001
OUTPUT: 001100
PRESENT STATE: 00000010010000
vec #107
INPUT: 001
OUTPUT: 100001
PRESENT STATE: 10000001100010
vec #108
INPUT: 000
OUTPUT: 100001
PRESENT STATE: 01000001100000
vec #109
INPUT: 011
OUTPUT: 100001
PRESENT STATE: 11000001100000
vec #110
INPUT: 000
OUTPUT: 100001
PRESENT STATE: 00100001100011
vec #111
INPUT: 010
OUTPUT: 100001
PRESENT STATE: 10101001100011
vec #112
INPUT: 010
OUTPUT: 100001
PRESENT STATE: 01100001100010
vec #113
INPUT: 011
OUTPUT: 100010
PRESENT STATE: 11100000100111
vec #114
INPUT: 001
OUTPUT: 100010
PRESENT STATE: 00011000100100
vec #115
INPUT: 001
OUTPUT: 100010
PRESENT STATE: 10011000100110
vec #116
INPUT: 011
OUTPUT: 100010
PRESENT STATE: 00000000100100
vec #117
INPUT: 010
OUTPUT: 100001
PRESENT STATE: 10000001100011
vec #118
INPUT: 010
OUTPUT: 100001
PRESENT STATE: 01001001100010
vec #119
INPUT: 011
OUTPUT: 100001
PRESENT STATE: 11001001100011
vec #120
INPUT: 001
OUTPUT: 100001
PRESENT STATE: 00100001100000
vec #121
INPUT: 011
OUTPUT: 100001
PRESENT STATE: 10100001100010
vec #122
INPUT: 010
OUTPUT: 100001
PRESENT STATE: 01100001100001
vec #123
INPUT: 001
OUTPUT: 100010
PRESENT STATE: 11101000100100
vec #124
INPUT: 001
OUTPUT: 100010
PRESENT STATE: 00011000100110
vec #125
INPUT: 011
OUTPUT: 100010
PRESENT STATE: 10011000100100
vec #126
INPUT: 010
OUTPUT: 100010
PRESENT STATE: 00000000100111
vec #127
INPUT: 010
OUTPUT: 100001
PRESENT STATE: 10001001100010
vec #128
INPUT: 010
OUTPUT: 010100
PRESENT STATE: 01001000011011
vec #129
INPUT: 010
OUTPUT: 100001
PRESENT STATE: 11000001100010
vec #130
INPUT: 001
OUTPUT: 100001
PRESENT STATE: 00100001100011
vec #131
INPUT: 010
OUTPUT: 100001
PRESENT STATE: 10101001100001
vec #132
INPUT: 001
OUTPUT: 100001
PRESENT STATE: 01100001100000
vec #133
INPUT: 110
OUTPUT: 100010
PRESENT STATE: 11100000100110
vec #134
INPUT: 010
OUTPUT: 100010
PRESENT STATE: 00000000100100
vec #135
INPUT: 011
OUTPUT: 100001
PRESENT STATE: 10000001100001
vec #136
INPUT: 001
OUTPUT: 100001
PRESENT STATE: 01001001100010
vec #137
INPUT: 010
OUTPUT: 100001
PRESENT STATE: 11001001100000
vec #138
INPUT: 010
OUTPUT: 100001
PRESENT STATE: 00101001100001
vec #139
INPUT: 011
OUTPUT: 100001
PRESENT STATE: 10100001100000
vec #140
INPUT: 011
OUTPUT: 100001
PRESENT STATE: 01100001100011
vec #141
INPUT: 001
OUTPUT: 100010
PRESENT STATE: 11101000100100
vec #142
INPUT: 011
OUTPUT: 100010
PRESENT STATE: 00011000100110
vec #143
INPUT: 010
OUTPUT: 100010
PRESENT STATE: 10011000100101
vec #144
INPUT: 100
OUTPUT: 100010
PRESENT STATE: 00000000100100
vec #145
INPUT: 111
OUTPUT: 100001
PRESENT STATE: 00000001100000
vec #146
INPUT: 100
OUTPUT: 100001
PRESENT STATE: 00000001100000
vec #147
INPUT: 000
OUTPUT: 100001
PRESENT STATE: 00000001100000
vec #148
INPUT: 111
OUTPUT: 100001
PRESENT STATE: 10000001100000
vec #149
INPUT: 000
OUTPUT: 100001
PRESENT STATE: 00000001100000
vec #150
INPUT: 011
OUTPUT: 100001
PRESENT STATE: 10000001100000
vec #151
INPUT: 010
OUTPUT: 100001
PRESENT STATE: 01000001100011
vec #152
INPUT: 011
OUTPUT: 100001
PRESENT STATE: 11001001100010
vec #153
INPUT: 001
OUTPUT: 100001
PRESENT STATE: 00101001100001
vec #154
INPUT: 001
OUTPUT: 100001
PRESENT STATE: 10100001100011
vec #155
INPUT: 011
OUTPUT: 100001
PRESENT STATE: 01101001100001
vec #156
INPUT: 010
OUTPUT: 100001
PRESENT STATE: 11100001100010
vec #157
INPUT: 001
OUTPUT: 100010
PRESENT STATE: 00010000100111
vec #158
INPUT: 110
OUTPUT: 010100
PRESENT STATE: 10011100011001
vec #159
INPUT: 101
OUTPUT: 000000
PRESENT STATE: 00000000000000
vec #160
INPUT: 000
OUTPUT: 100001
PRESENT STATE: 00000001100000
vec #161
INPUT: 011
OUTPUT: 100001
PRESENT STATE: 10000001100000
vec #162
INPUT: 000
OUTPUT: 100001
PRESENT STATE: 01000001100011
vec #163
INPUT: 000
OUTPUT: 100001
PRESENT STATE: 11001001100011
vec #164
INPUT: 010
OUTPUT: 100001
PRESENT STATE: 00100001100011
vec #165
INPUT: 010
OUTPUT: 100001
PRESENT STATE: 10101001100010
vec #166
INPUT: 000
OUTPUT: 100001
PRESENT STATE: 01101001100011
vec #167
INPUT: 001
OUTPUT: 100001
PRESENT STATE: 11100001100011
vec #168
INPUT: 010
OUTPUT: 100010
PRESENT STATE: 00011000100101
vec #169
INPUT: 000
OUTPUT: 100010
PRESENT STATE: 10010000100100
vec #170
INPUT: 010
OUTPUT: 001100
PRESENT STATE: 00001010010000
vec #171
INPUT: 101
OUTPUT: 010100
PRESENT STATE: 10001000011001
vec #172
INPUT: 010
OUTPUT: 010100
PRESENT STATE: 00000000011000
vec #173
INPUT: 001
OUTPUT: 100001
PRESENT STATE: 10000001100001
vec #174
INPUT: 001
OUTPUT: 100001
PRESENT STATE: 01001001100011
vec #175
INPUT: 010
OUTPUT: 100001
PRESENT STATE: 11000001100001
vec #176
INPUT: 011
OUTPUT: 100001
PRESENT STATE: 00101001100000
vec #177
INPUT: 000
OUTPUT: 100001
PRESENT STATE: 10101001100011
vec #178
INPUT: 000
OUTPUT: 100001
PRESENT STATE: 01100001100011
vec #179
INPUT: 011
OUTPUT: 100010
PRESENT STATE: 11101000100111
vec #180
INPUT: 011
OUTPUT: 100010
PRESENT STATE: 00010000100100
vec #181
INPUT: 011
OUTPUT: 001100
PRESENT STATE: 10010010010011
vec #182
INPUT: 010
OUTPUT: 000000
PRESENT STATE: 00001100000000
vec #183
INPUT: 110
OUTPUT: 010100
PRESENT STATE: 10001100011001
vec #184
INPUT: 000
OUTPUT: 000000
PRESENT STATE: 00000000000000
vec #185
INPUT: 000
OUTPUT: 100001
PRESENT STATE: 10000001100000
vec #186
INPUT: 010
OUTPUT: 100001
PRESENT STATE: 01000001100000
vec #187
INPUT: 000
OUTPUT: 100001
PRESENT STATE: 11000001100001
vec #188
INPUT: 000
OUTPUT: 100001
PRESENT STATE: 00101001100001
vec #189
INPUT: 011
OUTPUT: 100001
PRESENT STATE: 10100001100001
vec #190
INPUT: 010
OUTPUT: 100001
PRESENT STATE: 01101001100010
vec #191
INPUT: 001
OUTPUT: 100001
PRESENT STATE: 11101001100011
vec #192
INPUT: 001
OUTPUT: 100001
PRESENT STATE: 00010001100001
vec #193
INPUT: 100
OUTPUT: 001100
PRESENT STATE: 10011010010011
FINAL Next State: 00000010010000
